<?xml version="1.0" encoding="utf-8" standalone="no"?>
<!--This file represents the results of running a test suite-->
<test-results name="C:\dev\Formo\build\Formo.Tests.dll" total="68" errors="0" failures="0" not-run="0" inconclusive="0" ignored="0" skipped="0" invalid="0" date="2013-03-04" time="02:58:16">
  <environment nunit-version="2.6.2.12296" clr-version="2.0.50727.5466" os-version="Microsoft Windows NT 6.1.7601 Service Pack 1" platform="Win32NT" cwd="C:\dev\Formo\tools\psake" machine-name="PEDRO-PC" user="admin" user-domain="Pedro-PC" />
  <culture-info current-culture="en-US" current-uiculture="en-US" />
  <test-suite type="Assembly" name="C:\dev\Formo\build\Formo.Tests.dll" executed="True" result="Success" success="True" time="1.962" asserts="0">
    <results>
      <test-suite type="Namespace" name="Formo" executed="True" result="Success" success="True" time="1.931" asserts="0">
        <results>
          <test-suite type="Namespace" name="Tests" executed="True" result="Success" success="True" time="1.922" asserts="0">
            <results>
              <test-suite type="TestFixture" name="BindTests" executed="True" result="Success" success="True" time="0.254" asserts="0">
                <results>
                  <test-case name="Formo.Tests.BindTests.Bind_should_assign_standalone_property_from_settings" executed="True" result="Success" success="True" time="0.227" asserts="0" />
                </results>
              </test-suite>
              <test-suite type="TestFixture" name="BindTests_AppSettings" executed="True" result="Success" success="True" time="0.048" asserts="0">
                <results>
                  <test-case name="Formo.Tests.BindTests_AppSettings.BindTests.Bind_should_assign_standalone_property_from_settings" executed="True" result="Success" success="True" time="0.046" asserts="0" />
                </results>
              </test-suite>
              <test-suite type="TestFixture" name="BindTests_CustomSection" executed="True" result="Success" success="True" time="0.075" asserts="0">
                <results>
                  <test-case name="Formo.Tests.BindTests_CustomSection.BindTests.Bind_should_assign_standalone_property_from_settings" executed="True" result="Success" success="True" time="0.073" asserts="0" />
                </results>
              </test-suite>
              <test-suite type="TestFixture" name="BindTests_Default" executed="True" result="Success" success="True" time="0.001" asserts="0">
                <results>
                  <test-case name="Formo.Tests.BindTests_Default.BindTests.Bind_should_assign_standalone_property_from_settings" executed="True" result="Success" success="True" time="0.000" asserts="0" />
                </results>
              </test-suite>
              <test-suite type="TestFixture" name="When_forced_to_use_a_string_key" executed="True" result="Success" success="True" time="1.189" asserts="0">
                <results>
                  <test-case name="Formo.Tests.When_forced_to_use_a_string_key.Get_method_should_return_value" executed="True" result="Success" success="True" time="1.159" asserts="1" />
                  <test-case name="Formo.Tests.When_forced_to_use_a_string_key.Get_method_should_work_with_type_parameters" executed="True" result="Success" success="True" time="0.026" asserts="1" />
                </results>
              </test-suite>
              <test-suite type="TestFixture" name="When_forced_to_use_a_string_key_AppSettings" executed="True" result="Success" success="True" time="0.004" asserts="0">
                <results>
                  <test-case name="Formo.Tests.When_forced_to_use_a_string_key_AppSettings.When_forced_to_use_a_string_key.Get_method_should_return_value" executed="True" result="Success" success="True" time="0.000" asserts="1" />
                  <test-case name="Formo.Tests.When_forced_to_use_a_string_key_AppSettings.When_forced_to_use_a_string_key.Get_method_should_work_with_type_parameters" executed="True" result="Success" success="True" time="0.000" asserts="1" />
                </results>
              </test-suite>
              <test-suite type="TestFixture" name="When_forced_to_use_a_string_key_CustomSection" executed="True" result="Success" success="True" time="0.002" asserts="0">
                <results>
                  <test-case name="Formo.Tests.When_forced_to_use_a_string_key_CustomSection.When_forced_to_use_a_string_key.Get_method_should_return_value" executed="True" result="Success" success="True" time="0.000" asserts="1" />
                  <test-case name="Formo.Tests.When_forced_to_use_a_string_key_CustomSection.When_forced_to_use_a_string_key.Get_method_should_work_with_type_parameters" executed="True" result="Success" success="True" time="0.000" asserts="1" />
                </results>
              </test-suite>
              <test-suite type="TestFixture" name="When_forced_to_use_a_string_key_Default" executed="True" result="Success" success="True" time="0.002" asserts="0">
                <results>
                  <test-case name="Formo.Tests.When_forced_to_use_a_string_key_Default.When_forced_to_use_a_string_key.Get_method_should_return_value" executed="True" result="Success" success="True" time="0.000" asserts="1" />
                  <test-case name="Formo.Tests.When_forced_to_use_a_string_key_Default.When_forced_to_use_a_string_key.Get_method_should_work_with_type_parameters" executed="True" result="Success" success="True" time="0.000" asserts="1" />
                </results>
              </test-suite>
              <test-suite type="TestFixture" name="When_key_is_in_configuration_file" executed="True" result="Success" success="True" time="0.156" asserts="0">
                <results>
                  <test-case name="Formo.Tests.When_key_is_in_configuration_file.Method_should_ignore_defaults" executed="True" result="Success" success="True" time="0.088" asserts="1" />
                  <test-case name="Formo.Tests.When_key_is_in_configuration_file.Method_should_ignore_many_defaults" executed="True" result="Success" success="True" time="0.015" asserts="2" />
                  <test-case name="Formo.Tests.When_key_is_in_configuration_file.Method_should_return_expected_value" executed="True" result="Success" success="True" time="0.015" asserts="1" />
                  <test-case name="Formo.Tests.When_key_is_in_configuration_file.Property_should_return_expected_value" executed="True" result="Success" success="True" time="0.014" asserts="1" />
                </results>
              </test-suite>
              <test-suite type="TestFixture" name="When_key_is_in_configuration_file_AppSettings" executed="True" result="Success" success="True" time="0.004" asserts="0">
                <results>
                  <test-case name="Formo.Tests.When_key_is_in_configuration_file_AppSettings.When_key_is_in_configuration_file.Method_should_ignore_defaults" executed="True" result="Success" success="True" time="0.000" asserts="1" />
                  <test-case name="Formo.Tests.When_key_is_in_configuration_file_AppSettings.When_key_is_in_configuration_file.Method_should_ignore_many_defaults" executed="True" result="Success" success="True" time="0.000" asserts="2" />
                  <test-case name="Formo.Tests.When_key_is_in_configuration_file_AppSettings.When_key_is_in_configuration_file.Method_should_return_expected_value" executed="True" result="Success" success="True" time="0.000" asserts="1" />
                  <test-case name="Formo.Tests.When_key_is_in_configuration_file_AppSettings.When_key_is_in_configuration_file.Property_should_return_expected_value" executed="True" result="Success" success="True" time="0.000" asserts="1" />
                </results>
              </test-suite>
              <test-suite type="TestFixture" name="When_key_is_in_configuration_file_CustomSection" executed="True" result="Success" success="True" time="0.004" asserts="0">
                <results>
                  <test-case name="Formo.Tests.When_key_is_in_configuration_file_CustomSection.When_key_is_in_configuration_file.Method_should_ignore_defaults" executed="True" result="Success" success="True" time="0.000" asserts="1" />
                  <test-case name="Formo.Tests.When_key_is_in_configuration_file_CustomSection.When_key_is_in_configuration_file.Method_should_ignore_many_defaults" executed="True" result="Success" success="True" time="0.000" asserts="2" />
                  <test-case name="Formo.Tests.When_key_is_in_configuration_file_CustomSection.When_key_is_in_configuration_file.Method_should_return_expected_value" executed="True" result="Success" success="True" time="0.000" asserts="1" />
                  <test-case name="Formo.Tests.When_key_is_in_configuration_file_CustomSection.When_key_is_in_configuration_file.Property_should_return_expected_value" executed="True" result="Success" success="True" time="0.000" asserts="1" />
                </results>
              </test-suite>
              <test-suite type="TestFixture" name="When_key_is_in_configuration_file_Default" executed="True" result="Success" success="True" time="0.003" asserts="0">
                <results>
                  <test-case name="Formo.Tests.When_key_is_in_configuration_file_Default.When_key_is_in_configuration_file.Method_should_ignore_defaults" executed="True" result="Success" success="True" time="0.000" asserts="1" />
                  <test-case name="Formo.Tests.When_key_is_in_configuration_file_Default.When_key_is_in_configuration_file.Method_should_ignore_many_defaults" executed="True" result="Success" success="True" time="0.000" asserts="2" />
                  <test-case name="Formo.Tests.When_key_is_in_configuration_file_Default.When_key_is_in_configuration_file.Method_should_return_expected_value" executed="True" result="Success" success="True" time="0.000" asserts="1" />
                  <test-case name="Formo.Tests.When_key_is_in_configuration_file_Default.When_key_is_in_configuration_file.Property_should_return_expected_value" executed="True" result="Success" success="True" time="0.000" asserts="1" />
                </results>
              </test-suite>
              <test-suite type="TestFixture" name="When_key_isnt_in_configuration_file" executed="True" result="Success" success="True" time="0.054" asserts="0">
                <results>
                  <test-case name="Formo.Tests.When_key_isnt_in_configuration_file.Method_looking_for_bool_should_behave_as_ConfigurationManager" executed="True" result="Success" success="True" time="0.013" asserts="1" />
                  <test-case name="Formo.Tests.When_key_isnt_in_configuration_file.Method_should_be_null" executed="True" result="Success" success="True" time="0.012" asserts="1" />
                  <test-case name="Formo.Tests.When_key_isnt_in_configuration_file.Method_with_many_params_should_return_first_non_null" executed="True" result="Success" success="True" time="0.012" asserts="1" />
                  <test-case name="Formo.Tests.When_key_isnt_in_configuration_file.Method_with_param_should_return_first" executed="True" result="Success" success="True" time="0.007" asserts="1" />
                  <test-case name="Formo.Tests.When_key_isnt_in_configuration_file.Property_should_be_null" executed="True" result="Success" success="True" time="0.005" asserts="1" />
                </results>
              </test-suite>
              <test-suite type="TestFixture" name="When_key_isnt_in_configuration_file_AppSettings" executed="True" result="Success" success="True" time="0.005" asserts="0">
                <results>
                  <test-case name="Formo.Tests.When_key_isnt_in_configuration_file_AppSettings.When_key_isnt_in_configuration_file.Method_looking_for_bool_should_behave_as_ConfigurationManager" executed="True" result="Success" success="True" time="0.001" asserts="1" />
                  <test-case name="Formo.Tests.When_key_isnt_in_configuration_file_AppSettings.When_key_isnt_in_configuration_file.Method_should_be_null" executed="True" result="Success" success="True" time="0.000" asserts="1" />
                  <test-case name="Formo.Tests.When_key_isnt_in_configuration_file_AppSettings.When_key_isnt_in_configuration_file.Method_with_many_params_should_return_first_non_null" executed="True" result="Success" success="True" time="0.000" asserts="1" />
                  <test-case name="Formo.Tests.When_key_isnt_in_configuration_file_AppSettings.When_key_isnt_in_configuration_file.Method_with_param_should_return_first" executed="True" result="Success" success="True" time="0.000" asserts="1" />
                  <test-case name="Formo.Tests.When_key_isnt_in_configuration_file_AppSettings.When_key_isnt_in_configuration_file.Property_should_be_null" executed="True" result="Success" success="True" time="0.000" asserts="1" />
                </results>
              </test-suite>
              <test-suite type="TestFixture" name="When_key_isnt_in_configuration_file_CustomSection" executed="True" result="Success" success="True" time="0.005" asserts="0">
                <results>
                  <test-case name="Formo.Tests.When_key_isnt_in_configuration_file_CustomSection.When_key_isnt_in_configuration_file.Method_looking_for_bool_should_behave_as_ConfigurationManager" executed="True" result="Success" success="True" time="0.000" asserts="1" />
                  <test-case name="Formo.Tests.When_key_isnt_in_configuration_file_CustomSection.When_key_isnt_in_configuration_file.Method_should_be_null" executed="True" result="Success" success="True" time="0.000" asserts="1" />
                  <test-case name="Formo.Tests.When_key_isnt_in_configuration_file_CustomSection.When_key_isnt_in_configuration_file.Method_with_many_params_should_return_first_non_null" executed="True" result="Success" success="True" time="0.001" asserts="1" />
                  <test-case name="Formo.Tests.When_key_isnt_in_configuration_file_CustomSection.When_key_isnt_in_configuration_file.Method_with_param_should_return_first" executed="True" result="Success" success="True" time="0.000" asserts="1" />
                  <test-case name="Formo.Tests.When_key_isnt_in_configuration_file_CustomSection.When_key_isnt_in_configuration_file.Property_should_be_null" executed="True" result="Success" success="True" time="0.000" asserts="1" />
                </results>
              </test-suite>
              <test-suite type="TestFixture" name="When_key_isnt_in_configuration_file_Default" executed="True" result="Success" success="True" time="0.005" asserts="0">
                <results>
                  <test-case name="Formo.Tests.When_key_isnt_in_configuration_file_Default.When_key_isnt_in_configuration_file.Method_looking_for_bool_should_behave_as_ConfigurationManager" executed="True" result="Success" success="True" time="0.000" asserts="1" />
                  <test-case name="Formo.Tests.When_key_isnt_in_configuration_file_Default.When_key_isnt_in_configuration_file.Method_should_be_null" executed="True" result="Success" success="True" time="0.000" asserts="1" />
                  <test-case name="Formo.Tests.When_key_isnt_in_configuration_file_Default.When_key_isnt_in_configuration_file.Method_with_many_params_should_return_first_non_null" executed="True" result="Success" success="True" time="0.000" asserts="1" />
                  <test-case name="Formo.Tests.When_key_isnt_in_configuration_file_Default.When_key_isnt_in_configuration_file.Method_with_param_should_return_first" executed="True" result="Success" success="True" time="0.000" asserts="1" />
                  <test-case name="Formo.Tests.When_key_isnt_in_configuration_file_Default.When_key_isnt_in_configuration_file.Property_should_be_null" executed="True" result="Success" success="True" time="0.000" asserts="1" />
                </results>
              </test-suite>
              <test-suite type="TestFixture" name="When_using_typed_configuration_values" executed="True" result="Success" success="True" time="0.054" asserts="0">
                <results>
                  <test-case name="Formo.Tests.When_using_typed_configuration_values.Method_should_convert_to_bool" executed="True" result="Success" success="True" time="0.011" asserts="1" />
                  <test-case name="Formo.Tests.When_using_typed_configuration_values.Method_should_convert_to_DateTime" executed="True" result="Success" success="True" time="0.007" asserts="1" />
                  <test-case name="Formo.Tests.When_using_typed_configuration_values.Method_should_convert_to_DateTime_of_ConfiguredCulture" executed="True" result="Success" success="True" time="0.008" asserts="1" />
                  <test-case name="Formo.Tests.When_using_typed_configuration_values.Method_should_convert_to_decimal" executed="True" result="Success" success="True" time="0.012" asserts="1" />
                  <test-case name="Formo.Tests.When_using_typed_configuration_values.Method_should_convert_to_int" executed="True" result="Success" success="True" time="0.006" asserts="1" />
                </results>
              </test-suite>
              <test-suite type="TestFixture" name="When_using_typed_configuration_values_AppSettings" executed="True" result="Success" success="True" time="0.008" asserts="0">
                <results>
                  <test-case name="Formo.Tests.When_using_typed_configuration_values_AppSettings.When_using_typed_configuration_values.Method_should_convert_to_bool" executed="True" result="Success" success="True" time="0.000" asserts="1" />
                  <test-case name="Formo.Tests.When_using_typed_configuration_values_AppSettings.When_using_typed_configuration_values.Method_should_convert_to_DateTime" executed="True" result="Success" success="True" time="0.000" asserts="1" />
                  <test-case name="Formo.Tests.When_using_typed_configuration_values_AppSettings.When_using_typed_configuration_values.Method_should_convert_to_DateTime_of_ConfiguredCulture" executed="True" result="Success" success="True" time="0.000" asserts="1" />
                  <test-case name="Formo.Tests.When_using_typed_configuration_values_AppSettings.When_using_typed_configuration_values.Method_should_convert_to_decimal" executed="True" result="Success" success="True" time="0.000" asserts="1" />
                  <test-case name="Formo.Tests.When_using_typed_configuration_values_AppSettings.When_using_typed_configuration_values.Method_should_convert_to_int" executed="True" result="Success" success="True" time="0.000" asserts="1" />
                </results>
              </test-suite>
              <test-suite type="TestFixture" name="When_using_typed_configuration_values_CustomSection" executed="True" result="Success" success="True" time="0.008" asserts="0">
                <results>
                  <test-case name="Formo.Tests.When_using_typed_configuration_values_CustomSection.When_using_typed_configuration_values.Method_should_convert_to_bool" executed="True" result="Success" success="True" time="0.000" asserts="1" />
                  <test-case name="Formo.Tests.When_using_typed_configuration_values_CustomSection.When_using_typed_configuration_values.Method_should_convert_to_DateTime" executed="True" result="Success" success="True" time="0.000" asserts="1" />
                  <test-case name="Formo.Tests.When_using_typed_configuration_values_CustomSection.When_using_typed_configuration_values.Method_should_convert_to_DateTime_of_ConfiguredCulture" executed="True" result="Success" success="True" time="0.001" asserts="1" />
                  <test-case name="Formo.Tests.When_using_typed_configuration_values_CustomSection.When_using_typed_configuration_values.Method_should_convert_to_decimal" executed="True" result="Success" success="True" time="0.000" asserts="1" />
                  <test-case name="Formo.Tests.When_using_typed_configuration_values_CustomSection.When_using_typed_configuration_values.Method_should_convert_to_int" executed="True" result="Success" success="True" time="0.001" asserts="1" />
                </results>
              </test-suite>
              <test-suite type="TestFixture" name="When_using_typed_configuration_values_Default" executed="True" result="Success" success="True" time="0.009" asserts="0">
                <results>
                  <test-case name="Formo.Tests.When_using_typed_configuration_values_Default.When_using_typed_configuration_values.Method_should_convert_to_bool" executed="True" result="Success" success="True" time="0.002" asserts="1" />
                  <test-case name="Formo.Tests.When_using_typed_configuration_values_Default.When_using_typed_configuration_values.Method_should_convert_to_DateTime" executed="True" result="Success" success="True" time="0.001" asserts="1" />
                  <test-case name="Formo.Tests.When_using_typed_configuration_values_Default.When_using_typed_configuration_values.Method_should_convert_to_DateTime_of_ConfiguredCulture" executed="True" result="Success" success="True" time="0.000" asserts="1" />
                  <test-case name="Formo.Tests.When_using_typed_configuration_values_Default.When_using_typed_configuration_values.Method_should_convert_to_decimal" executed="True" result="Success" success="True" time="0.000" asserts="1" />
                  <test-case name="Formo.Tests.When_using_typed_configuration_values_Default.When_using_typed_configuration_values.Method_should_convert_to_int" executed="True" result="Success" success="True" time="0.000" asserts="1" />
                </results>
              </test-suite>
            </results>
          </test-suite>
        </results>
      </test-suite>
    </results>
  </test-suite>
</test-results>